d:\github\cpp-project\battleroyale\battleroyale\debug\vc142.pdb
d:\github\cpp-project\battleroyale\battleroyale\debug\vc142.idb
d:\github\cpp-project\battleroyale\battleroyale\debug\weapon.obj
d:\github\cpp-project\battleroyale\battleroyale\debug\player.obj
d:\github\cpp-project\battleroyale\battleroyale\debug\main.obj
d:\github\cpp-project\battleroyale\battleroyale\debug\item.obj
d:\github\cpp-project\battleroyale\battleroyale\debug\combatant.obj
d:\github\cpp-project\battleroyale\battleroyale\debug\battleground.obj
d:\github\cpp-project\battleroyale\battleroyale\debug\actor.obj
d:\github\cpp-project\battleroyale\debug\battleroyale.pdb
d:\github\cpp-project\battleroyale\battleroyale\debug\battleroyale.tlog\cl.command.1.tlog
d:\github\cpp-project\battleroyale\battleroyale\debug\battleroyale.tlog\cl.read.1.tlog
d:\github\cpp-project\battleroyale\battleroyale\debug\battleroyale.tlog\cl.write.1.tlog
d:\github\cpp-project\battleroyale\battleroyale\debug\battleroyale.tlog\link-cvtres.read.1.tlog
d:\github\cpp-project\battleroyale\battleroyale\debug\battleroyale.tlog\link-cvtres.write.1.tlog
d:\github\cpp-project\battleroyale\battleroyale\debug\battleroyale.tlog\link-rc.read.1.tlog
d:\github\cpp-project\battleroyale\battleroyale\debug\battleroyale.tlog\link-rc.write.1.tlog
d:\github\cpp-project\battleroyale\battleroyale\debug\battleroyale.tlog\link.160248-cvtres.read.1.tlog
d:\github\cpp-project\battleroyale\battleroyale\debug\battleroyale.tlog\link.160248-cvtres.write.1.tlog
d:\github\cpp-project\battleroyale\battleroyale\debug\battleroyale.tlog\link.160248-rc.read.1.tlog
d:\github\cpp-project\battleroyale\battleroyale\debug\battleroyale.tlog\link.160248-rc.write.1.tlog
d:\github\cpp-project\battleroyale\battleroyale\debug\battleroyale.tlog\link.160248.read.1.tlog
d:\github\cpp-project\battleroyale\battleroyale\debug\battleroyale.tlog\link.160248.write.1.tlog
d:\github\cpp-project\battleroyale\battleroyale\debug\battleroyale.tlog\link.command.1.tlog
d:\github\cpp-project\battleroyale\battleroyale\debug\battleroyale.tlog\link.read.1.tlog
d:\github\cpp-project\battleroyale\battleroyale\debug\battleroyale.tlog\link.write.1.tlog
